<?xml version="1.0" encoding="UTF-8"?>
<!-- Generated by org.testng.reporters.JUnitXMLReporter -->
<testsuite hostname="LAPTOP-Q9HLB3PS" ignored="0" name="Default test(failed)" tests="1" failures="0" timestamp="25 May 2019 02:24:43 GMT" time="0.069" errors="0">
  <testcase name="@BeforeClass beforeClass" time="0.024" classname="com.qa.linkedin.testcases.SearchDDTest">
    <failure type="java.lang.NullPointerException">
      <![CDATA[java.lang.NullPointerException
at com.qa.linkedin.base.TestBase.initWebdriver(TestBase.java:44)
at com.qa.linkedin.testcases.SearchDDTest.beforeClass(SearchDDTest.java:47)
... Removed 26 stack frames]]>
    </failure>
  </testcase> <!-- @BeforeClass beforeClass -->
  <testcase name="@AfterClass afterClass" time="0.0" classname="com.qa.linkedin.testcases.SearchDDTest">
    <skipped/>
  </testcase> <!-- @AfterClass afterClass -->
  <testcase name="searchTest" time="0.0" classname="com.qa.linkedin.testcases.SearchDDTest">
    <skipped/>
  </testcase> <!-- searchTest -->
</testsuite> <!-- Default test(failed) -->
